2023-12-25T21:55:03.955Z [Modules] Modules initializing
2023-12-25T21:55:03.955Z [Modules] Distribution: remote
2023-12-25T21:55:03.955Z [Modules] Host updates: enabled
2023-12-25T21:55:03.955Z [Modules] Module updates: enabled
2023-12-25T21:55:03.955Z [Modules] Module install path: /home/alex/.config/discord/0.0.39/modules
2023-12-25T21:55:03.955Z [Modules] Module installed file path: /home/alex/.config/discord/0.0.39/modules/installed.json
2023-12-25T21:55:03.955Z [Modules] Module download path: /home/alex/.config/discord/0.0.39/modules/pending
2023-12-25T21:55:04.043Z [Modules] Bootstrapping...
2023-12-25T21:55:04.043Z [Modules] Installing discord_desktop_core@0 from /opt/discord/resources/bootstrap/discord_desktop_core.zip
2023-12-25T21:55:04.045Z [Modules] Failed installing discord_desktop_core@0: Error: ENOENT: no such file or directory, open '/opt/discord/resources/bootstrap/discord_desktop_core.zip'
2023-12-25T21:55:04.045Z [Modules] Installing discord_erlpack@0 from /opt/discord/resources/bootstrap/discord_erlpack.zip
2023-12-25T21:55:04.046Z [Modules] Failed installing discord_erlpack@0: Error: ENOENT: no such file or directory, open '/opt/discord/resources/bootstrap/discord_erlpack.zip'
2023-12-25T21:55:04.046Z [Modules] Installing discord_spellcheck@0 from /opt/discord/resources/bootstrap/discord_spellcheck.zip
2023-12-25T21:55:04.046Z [Modules] Failed installing discord_spellcheck@0: Error: ENOENT: no such file or directory, open '/opt/discord/resources/bootstrap/discord_spellcheck.zip'
2023-12-25T21:55:04.046Z [Modules] Installing discord_utils@0 from /opt/discord/resources/bootstrap/discord_utils.zip
2023-12-25T21:55:04.047Z [Modules] Failed installing discord_utils@0: Error: ENOENT: no such file or directory, open '/opt/discord/resources/bootstrap/discord_utils.zip'
2023-12-25T21:55:04.047Z [Modules] Installing discord_voice@0 from /opt/discord/resources/bootstrap/discord_voice.zip
2023-12-25T21:55:04.047Z [Modules] Failed installing discord_voice@0: Error: ENOENT: no such file or directory, open '/opt/discord/resources/bootstrap/discord_voice.zip'
2023-12-25T21:55:04.047Z [Modules] Finished module installations. [success: 0] [failure: 5]
2023-12-25T21:55:04.047Z [Modules] Checking for host updates.
2023-12-25T21:55:04.349Z [Modules] Host is up to date.
2023-12-25T21:55:04.349Z [Modules] Checking for module updates at https://discord.com/api/modules/stable/versions.json
2023-12-25T21:55:04.486Z [Modules] Module update available: discord_desktop_core@1 [installed: 0]
2023-12-25T21:55:04.486Z [Modules] Module update available: discord_erlpack@1 [installed: 0]
2023-12-25T21:55:04.486Z [Modules] Module update available: discord_spellcheck@1 [installed: 0]
2023-12-25T21:55:04.486Z [Modules] Module update available: discord_utils@1 [installed: 0]
2023-12-25T21:55:04.486Z [Modules] Module update available: discord_voice@1 [installed: 0]
2023-12-25T21:55:04.486Z [Modules] Fetching discord_desktop_core@1 from https://discord.com/api/modules/stable/discord_desktop_core/1
2023-12-25T21:55:04.486Z [Modules] Streaming discord_desktop_core@1 to /home/alex/.config/discord/0.0.39/modules/pending/discord_desktop_core-1.zip
2023-12-25T21:55:05.012Z [Modules] Streaming discord_desktop_core@1 to /home/alex/.config/discord/0.0.39/modules/pending/discord_desktop_core-1.zip: 1%
2023-12-25T21:55:05.018Z [Modules] Streaming discord_desktop_core@1 to /home/alex/.config/discord/0.0.39/modules/pending/discord_desktop_core-1.zip: 2%
2023-12-25T21:55:05.028Z [Modules] Streaming discord_desktop_core@1 to /home/alex/.config/discord/0.0.39/modules/pending/discord_desktop_core-1.zip: 3%
2023-12-25T21:55:05.030Z [Modules] Streaming discord_desktop_core@1 to /home/alex/.config/discord/0.0.39/modules/pending/discord_desktop_core-1.zip: 4%
2023-12-25T21:55:05.032Z [Modules] Streaming discord_desktop_core@1 to /home/alex/.config/discord/0.0.39/modules/pending/discord_desktop_core-1.zip: 5%
2023-12-25T21:55:05.034Z [Modules] Streaming discord_desktop_core@1 to /home/alex/.config/discord/0.0.39/modules/pending/discord_desktop_core-1.zip: 6%
2023-12-25T21:55:05.038Z [Modules] Streaming discord_desktop_core@1 to /home/alex/.config/discord/0.0.39/modules/pending/discord_desktop_core-1.zip: 7%
2023-12-25T21:55:05.046Z [Modules] Streaming discord_desktop_core@1 to /home/alex/.config/discord/0.0.39/modules/pending/discord_desktop_core-1.zip: 8%
2023-12-25T21:55:05.048Z [Modules] Streaming discord_desktop_core@1 to /home/alex/.config/discord/0.0.39/modules/pending/discord_desktop_core-1.zip: 9%
2023-12-25T21:55:05.100Z [Modules] Streaming discord_desktop_core@1 to /home/alex/.config/discord/0.0.39/modules/pending/discord_desktop_core-1.zip: 10%
2023-12-25T21:55:05.108Z [Modules] Streaming discord_desktop_core@1 to /home/alex/.config/discord/0.0.39/modules/pending/discord_desktop_core-1.zip: 11%
2023-12-25T21:55:05.120Z [Modules] Streaming discord_desktop_core@1 to /home/alex/.config/discord/0.0.39/modules/pending/discord_desktop_core-1.zip: 12%
2023-12-25T21:55:05.149Z [Modules] Streaming discord_desktop_core@1 to /home/alex/.config/discord/0.0.39/modules/pending/discord_desktop_core-1.zip: 13%
2023-12-25T21:55:05.195Z [Modules] Streaming discord_desktop_core@1 to /home/alex/.config/discord/0.0.39/modules/pending/discord_desktop_core-1.zip: 15%
2023-12-25T21:55:05.236Z [Modules] Streaming discord_desktop_core@1 to /home/alex/.config/discord/0.0.39/modules/pending/discord_desktop_core-1.zip: 18%
2023-12-25T21:55:05.238Z [Modules] Streaming discord_desktop_core@1 to /home/alex/.config/discord/0.0.39/modules/pending/discord_desktop_core-1.zip: 21%
2023-12-25T21:55:05.242Z [Modules] Streaming discord_desktop_core@1 to /home/alex/.config/discord/0.0.39/modules/pending/discord_desktop_core-1.zip: 24%
2023-12-25T21:55:05.247Z [Modules] Streaming discord_desktop_core@1 to /home/alex/.config/discord/0.0.39/modules/pending/discord_desktop_core-1.zip: 25%
2023-12-25T21:55:05.288Z [Modules] Streaming discord_desktop_core@1 to /home/alex/.config/discord/0.0.39/modules/pending/discord_desktop_core-1.zip: 28%
2023-12-25T21:55:05.356Z [Modules] Streaming discord_desktop_core@1 to /home/alex/.config/discord/0.0.39/modules/pending/discord_desktop_core-1.zip: 29%
2023-12-25T21:55:05.358Z [Modules] Streaming discord_desktop_core@1 to /home/alex/.config/discord/0.0.39/modules/pending/discord_desktop_core-1.zip: 31%
2023-12-25T21:55:05.362Z [Modules] Streaming discord_desktop_core@1 to /home/alex/.config/discord/0.0.39/modules/pending/discord_desktop_core-1.zip: 34%
2023-12-25T21:55:05.362Z [Modules] Streaming discord_desktop_core@1 to /home/alex/.config/discord/0.0.39/modules/pending/discord_desktop_core-1.zip: 35%
2023-12-25T21:55:05.366Z [Modules] Streaming discord_desktop_core@1 to /home/alex/.config/discord/0.0.39/modules/pending/discord_desktop_core-1.zip: 36%
2023-12-25T21:55:05.370Z [Modules] Streaming discord_desktop_core@1 to /home/alex/.config/discord/0.0.39/modules/pending/discord_desktop_core-1.zip: 37%
2023-12-25T21:55:05.373Z [Modules] Streaming discord_desktop_core@1 to /home/alex/.config/discord/0.0.39/modules/pending/discord_desktop_core-1.zip: 39%
2023-12-25T21:55:05.374Z [Modules] Streaming discord_desktop_core@1 to /home/alex/.config/discord/0.0.39/modules/pending/discord_desktop_core-1.zip: 40%
2023-12-25T21:55:05.378Z [Modules] Streaming discord_desktop_core@1 to /home/alex/.config/discord/0.0.39/modules/pending/discord_desktop_core-1.zip: 41%
2023-12-25T21:55:05.380Z [Modules] Streaming discord_desktop_core@1 to /home/alex/.config/discord/0.0.39/modules/pending/discord_desktop_core-1.zip: 42%
2023-12-25T21:55:05.431Z [Modules] Streaming discord_desktop_core@1 to /home/alex/.config/discord/0.0.39/modules/pending/discord_desktop_core-1.zip: 43%
2023-12-25T21:55:05.460Z [Modules] Streaming discord_desktop_core@1 to /home/alex/.config/discord/0.0.39/modules/pending/discord_desktop_core-1.zip: 44%
2023-12-25T21:55:05.513Z [Modules] Streaming discord_desktop_core@1 to /home/alex/.config/discord/0.0.39/modules/pending/discord_desktop_core-1.zip: 45%
2023-12-25T21:55:05.514Z [Modules] Streaming discord_desktop_core@1 to /home/alex/.config/discord/0.0.39/modules/pending/discord_desktop_core-1.zip: 48%
2023-12-25T21:55:05.515Z [Modules] Streaming discord_desktop_core@1 to /home/alex/.config/discord/0.0.39/modules/pending/discord_desktop_core-1.zip: 51%
2023-12-25T21:55:05.535Z [Modules] Streaming discord_desktop_core@1 to /home/alex/.config/discord/0.0.39/modules/pending/discord_desktop_core-1.zip: 54%
2023-12-25T21:55:05.535Z [Modules] Streaming discord_desktop_core@1 to /home/alex/.config/discord/0.0.39/modules/pending/discord_desktop_core-1.zip: 56%
2023-12-25T21:55:05.541Z [Modules] Streaming discord_desktop_core@1 to /home/alex/.config/discord/0.0.39/modules/pending/discord_desktop_core-1.zip: 59%
2023-12-25T21:55:05.541Z [Modules] Streaming discord_desktop_core@1 to /home/alex/.config/discord/0.0.39/modules/pending/discord_desktop_core-1.zip: 60%
2023-12-25T21:55:05.573Z [Modules] Streaming discord_desktop_core@1 to /home/alex/.config/discord/0.0.39/modules/pending/discord_desktop_core-1.zip: 61%
2023-12-25T21:55:05.575Z [Modules] Streaming discord_desktop_core@1 to /home/alex/.config/discord/0.0.39/modules/pending/discord_desktop_core-1.zip: 62%
2023-12-25T21:55:05.608Z [Modules] Streaming discord_desktop_core@1 to /home/alex/.config/discord/0.0.39/modules/pending/discord_desktop_core-1.zip: 63%
2023-12-25T21:55:05.629Z [Modules] Streaming discord_desktop_core@1 to /home/alex/.config/discord/0.0.39/modules/pending/discord_desktop_core-1.zip: 65%
2023-12-25T21:55:05.630Z [Modules] Streaming discord_desktop_core@1 to /home/alex/.config/discord/0.0.39/modules/pending/discord_desktop_core-1.zip: 68%
2023-12-25T21:55:05.648Z [Modules] Streaming discord_desktop_core@1 to /home/alex/.config/discord/0.0.39/modules/pending/discord_desktop_core-1.zip: 71%
2023-12-25T21:55:05.648Z [Modules] Streaming discord_desktop_core@1 to /home/alex/.config/discord/0.0.39/modules/pending/discord_desktop_core-1.zip: 74%
2023-12-25T21:55:05.693Z [Modules] Streaming discord_desktop_core@1 to /home/alex/.config/discord/0.0.39/modules/pending/discord_desktop_core-1.zip: 77%
2023-12-25T21:55:05.695Z [Modules] Streaming discord_desktop_core@1 to /home/alex/.config/discord/0.0.39/modules/pending/discord_desktop_core-1.zip: 80%
2023-12-25T21:55:05.695Z [Modules] Streaming discord_desktop_core@1 to /home/alex/.config/discord/0.0.39/modules/pending/discord_desktop_core-1.zip: 81%
2023-12-25T21:55:05.698Z [Modules] Streaming discord_desktop_core@1 to /home/alex/.config/discord/0.0.39/modules/pending/discord_desktop_core-1.zip: 82%
2023-12-25T21:55:05.700Z [Modules] Streaming discord_desktop_core@1 to /home/alex/.config/discord/0.0.39/modules/pending/discord_desktop_core-1.zip: 83%
2023-12-25T21:55:05.704Z [Modules] Streaming discord_desktop_core@1 to /home/alex/.config/discord/0.0.39/modules/pending/discord_desktop_core-1.zip: 84%
2023-12-25T21:55:05.714Z [Modules] Streaming discord_desktop_core@1 to /home/alex/.config/discord/0.0.39/modules/pending/discord_desktop_core-1.zip: 85%
2023-12-25T21:55:05.745Z [Modules] Streaming discord_desktop_core@1 to /home/alex/.config/discord/0.0.39/modules/pending/discord_desktop_core-1.zip: 86%
2023-12-25T21:55:05.783Z [Modules] Streaming discord_desktop_core@1 to /home/alex/.config/discord/0.0.39/modules/pending/discord_desktop_core-1.zip: 89%
2023-12-25T21:55:05.783Z [Modules] Streaming discord_desktop_core@1 to /home/alex/.config/discord/0.0.39/modules/pending/discord_desktop_core-1.zip: 90%
2023-12-25T21:55:05.788Z [Modules] Streaming discord_desktop_core@1 to /home/alex/.config/discord/0.0.39/modules/pending/discord_desktop_core-1.zip: 91%
2023-12-25T21:55:05.821Z [Modules] Streaming discord_desktop_core@1 to /home/alex/.config/discord/0.0.39/modules/pending/discord_desktop_core-1.zip: 92%
2023-12-25T21:55:05.828Z [Modules] Streaming discord_desktop_core@1 to /home/alex/.config/discord/0.0.39/modules/pending/discord_desktop_core-1.zip: 93%
2023-12-25T21:55:05.831Z [Modules] Streaming discord_desktop_core@1 to /home/alex/.config/discord/0.0.39/modules/pending/discord_desktop_core-1.zip: 94%
2023-12-25T21:55:05.838Z [Modules] Streaming discord_desktop_core@1 to /home/alex/.config/discord/0.0.39/modules/pending/discord_desktop_core-1.zip: 95%
2023-12-25T21:55:05.849Z [Modules] Streaming discord_desktop_core@1 to /home/alex/.config/discord/0.0.39/modules/pending/discord_desktop_core-1.zip: 97%
2023-12-25T21:55:05.867Z [Modules] Streaming discord_desktop_core@1 to /home/alex/.config/discord/0.0.39/modules/pending/discord_desktop_core-1.zip: 100%
2023-12-25T21:55:05.868Z [Modules] Fetching discord_erlpack@1 from https://discord.com/api/modules/stable/discord_erlpack/1
2023-12-25T21:55:05.868Z [Modules] Streaming discord_erlpack@1 to /home/alex/.config/discord/0.0.39/modules/pending/discord_erlpack-1.zip
2023-12-25T21:55:06.273Z [Modules] Streaming discord_erlpack@1 to /home/alex/.config/discord/0.0.39/modules/pending/discord_erlpack-1.zip: 1%
2023-12-25T21:55:06.277Z [Modules] Streaming discord_erlpack@1 to /home/alex/.config/discord/0.0.39/modules/pending/discord_erlpack-1.zip: 2%
2023-12-25T21:55:06.283Z [Modules] Streaming discord_erlpack@1 to /home/alex/.config/discord/0.0.39/modules/pending/discord_erlpack-1.zip: 3%
2023-12-25T21:55:06.290Z [Modules] Streaming discord_erlpack@1 to /home/alex/.config/discord/0.0.39/modules/pending/discord_erlpack-1.zip: 4%
2023-12-25T21:55:06.296Z [Modules] Streaming discord_erlpack@1 to /home/alex/.config/discord/0.0.39/modules/pending/discord_erlpack-1.zip: 5%
2023-12-25T21:55:06.310Z [Modules] Streaming discord_erlpack@1 to /home/alex/.config/discord/0.0.39/modules/pending/discord_erlpack-1.zip: 6%
2023-12-25T21:55:06.333Z [Modules] Streaming discord_erlpack@1 to /home/alex/.config/discord/0.0.39/modules/pending/discord_erlpack-1.zip: 7%
2023-12-25T21:55:06.345Z [Modules] Streaming discord_erlpack@1 to /home/alex/.config/discord/0.0.39/modules/pending/discord_erlpack-1.zip: 9%
2023-12-25T21:55:06.351Z [Modules] Streaming discord_erlpack@1 to /home/alex/.config/discord/0.0.39/modules/pending/discord_erlpack-1.zip: 10%
2023-12-25T21:55:06.359Z [Modules] Streaming discord_erlpack@1 to /home/alex/.config/discord/0.0.39/modules/pending/discord_erlpack-1.zip: 11%
2023-12-25T21:55:06.378Z [Modules] Streaming discord_erlpack@1 to /home/alex/.config/discord/0.0.39/modules/pending/discord_erlpack-1.zip: 12%
2023-12-25T21:55:06.403Z [Modules] Streaming discord_erlpack@1 to /home/alex/.config/discord/0.0.39/modules/pending/discord_erlpack-1.zip: 16%
2023-12-25T21:55:06.404Z [Modules] Streaming discord_erlpack@1 to /home/alex/.config/discord/0.0.39/modules/pending/discord_erlpack-1.zip: 17%
2023-12-25T21:55:06.417Z [Modules] Streaming discord_erlpack@1 to /home/alex/.config/discord/0.0.39/modules/pending/discord_erlpack-1.zip: 19%
2023-12-25T21:55:06.431Z [Modules] Streaming discord_erlpack@1 to /home/alex/.config/discord/0.0.39/modules/pending/discord_erlpack-1.zip: 21%
2023-12-25T21:55:06.441Z [Modules] Streaming discord_erlpack@1 to /home/alex/.config/discord/0.0.39/modules/pending/discord_erlpack-1.zip: 22%
2023-12-25T21:55:06.445Z [Modules] Streaming discord_erlpack@1 to /home/alex/.config/discord/0.0.39/modules/pending/discord_erlpack-1.zip: 23%
2023-12-25T21:55:06.458Z [Modules] Streaming discord_erlpack@1 to /home/alex/.config/discord/0.0.39/modules/pending/discord_erlpack-1.zip: 24%
2023-12-25T21:55:06.462Z [Modules] Streaming discord_erlpack@1 to /home/alex/.config/discord/0.0.39/modules/pending/discord_erlpack-1.zip: 25%
2023-12-25T21:55:06.468Z [Modules] Streaming discord_erlpack@1 to /home/alex/.config/discord/0.0.39/modules/pending/discord_erlpack-1.zip: 27%
2023-12-25T21:55:06.482Z [Modules] Streaming discord_erlpack@1 to /home/alex/.config/discord/0.0.39/modules/pending/discord_erlpack-1.zip: 28%
2023-12-25T21:55:06.488Z [Modules] Streaming discord_erlpack@1 to /home/alex/.config/discord/0.0.39/modules/pending/discord_erlpack-1.zip: 29%
2023-12-25T21:55:06.516Z [Modules] Streaming discord_erlpack@1 to /home/alex/.config/discord/0.0.39/modules/pending/discord_erlpack-1.zip: 32%
2023-12-25T21:55:06.516Z [Modules] Streaming discord_erlpack@1 to /home/alex/.config/discord/0.0.39/modules/pending/discord_erlpack-1.zip: 33%
2023-12-25T21:55:06.521Z [Modules] Streaming discord_erlpack@1 to /home/alex/.config/discord/0.0.39/modules/pending/discord_erlpack-1.zip: 35%
2023-12-25T21:55:06.563Z [Modules] Streaming discord_erlpack@1 to /home/alex/.config/discord/0.0.39/modules/pending/discord_erlpack-1.zip: 38%
2023-12-25T21:55:06.564Z [Modules] Streaming discord_erlpack@1 to /home/alex/.config/discord/0.0.39/modules/pending/discord_erlpack-1.zip: 41%
2023-12-25T21:55:06.580Z [Modules] Streaming discord_erlpack@1 to /home/alex/.config/discord/0.0.39/modules/pending/discord_erlpack-1.zip: 42%
2023-12-25T21:55:06.586Z [Modules] Streaming discord_erlpack@1 to /home/alex/.config/discord/0.0.39/modules/pending/discord_erlpack-1.zip: 44%
2023-12-25T21:55:06.600Z [Modules] Streaming discord_erlpack@1 to /home/alex/.config/discord/0.0.39/modules/pending/discord_erlpack-1.zip: 46%
2023-12-25T21:55:06.607Z [Modules] Streaming discord_erlpack@1 to /home/alex/.config/discord/0.0.39/modules/pending/discord_erlpack-1.zip: 47%
2023-12-25T21:55:06.613Z [Modules] Streaming discord_erlpack@1 to /home/alex/.config/discord/0.0.39/modules/pending/discord_erlpack-1.zip: 48%
2023-12-25T21:55:06.628Z [Modules] Streaming discord_erlpack@1 to /home/alex/.config/discord/0.0.39/modules/pending/discord_erlpack-1.zip: 49%
2023-12-25T21:55:06.632Z [Modules] Streaming discord_erlpack@1 to /home/alex/.config/discord/0.0.39/modules/pending/discord_erlpack-1.zip: 50%
2023-12-25T21:55:06.636Z [Modules] Streaming discord_erlpack@1 to /home/alex/.config/discord/0.0.39/modules/pending/discord_erlpack-1.zip: 51%
2023-12-25T21:55:06.673Z [Modules] Streaming discord_erlpack@1 to /home/alex/.config/discord/0.0.39/modules/pending/discord_erlpack-1.zip: 52%
2023-12-25T21:55:06.674Z [Modules] Streaming discord_erlpack@1 to /home/alex/.config/discord/0.0.39/modules/pending/discord_erlpack-1.zip: 55%
2023-12-25T21:55:06.674Z [Modules] Streaming discord_erlpack@1 to /home/alex/.config/discord/0.0.39/modules/pending/discord_erlpack-1.zip: 56%
2023-12-25T21:55:06.679Z [Modules] Streaming discord_erlpack@1 to /home/alex/.config/discord/0.0.39/modules/pending/discord_erlpack-1.zip: 57%
2023-12-25T21:55:06.687Z [Modules] Streaming discord_erlpack@1 to /home/alex/.config/discord/0.0.39/modules/pending/discord_erlpack-1.zip: 59%
2023-12-25T21:55:06.694Z [Modules] Streaming discord_erlpack@1 to /home/alex/.config/discord/0.0.39/modules/pending/discord_erlpack-1.zip: 60%
2023-12-25T21:55:06.709Z [Modules] Streaming discord_erlpack@1 to /home/alex/.config/discord/0.0.39/modules/pending/discord_erlpack-1.zip: 64%
2023-12-25T21:55:06.714Z [Modules] Streaming discord_erlpack@1 to /home/alex/.config/discord/0.0.39/modules/pending/discord_erlpack-1.zip: 65%
2023-12-25T21:55:06.718Z [Modules] Streaming discord_erlpack@1 to /home/alex/.config/discord/0.0.39/modules/pending/discord_erlpack-1.zip: 66%
2023-12-25T21:55:06.724Z [Modules] Streaming discord_erlpack@1 to /home/alex/.config/discord/0.0.39/modules/pending/discord_erlpack-1.zip: 67%
2023-12-25T21:55:06.730Z [Modules] Streaming discord_erlpack@1 to /home/alex/.config/discord/0.0.39/modules/pending/discord_erlpack-1.zip: 68%
2023-12-25T21:55:06.757Z [Modules] Streaming discord_erlpack@1 to /home/alex/.config/discord/0.0.39/modules/pending/discord_erlpack-1.zip: 70%
2023-12-25T21:55:06.771Z [Modules] Streaming discord_erlpack@1 to /home/alex/.config/discord/0.0.39/modules/pending/discord_erlpack-1.zip: 71%
2023-12-25T21:55:06.777Z [Modules] Streaming discord_erlpack@1 to /home/alex/.config/discord/0.0.39/modules/pending/discord_erlpack-1.zip: 72%
2023-12-25T21:55:06.781Z [Modules] Streaming discord_erlpack@1 to /home/alex/.config/discord/0.0.39/modules/pending/discord_erlpack-1.zip: 73%
2023-12-25T21:55:06.789Z [Modules] Streaming discord_erlpack@1 to /home/alex/.config/discord/0.0.39/modules/pending/discord_erlpack-1.zip: 74%
2023-12-25T21:55:06.815Z [Modules] Streaming discord_erlpack@1 to /home/alex/.config/discord/0.0.39/modules/pending/discord_erlpack-1.zip: 77%
2023-12-25T21:55:06.815Z [Modules] Streaming discord_erlpack@1 to /home/alex/.config/discord/0.0.39/modules/pending/discord_erlpack-1.zip: 79%
2023-12-25T21:55:06.834Z [Modules] Streaming discord_erlpack@1 to /home/alex/.config/discord/0.0.39/modules/pending/discord_erlpack-1.zip: 82%
2023-12-25T21:55:06.834Z [Modules] Streaming discord_erlpack@1 to /home/alex/.config/discord/0.0.39/modules/pending/discord_erlpack-1.zip: 83%
2023-12-25T21:55:06.886Z [Modules] Streaming discord_erlpack@1 to /home/alex/.config/discord/0.0.39/modules/pending/discord_erlpack-1.zip: 85%
2023-12-25T21:55:06.897Z [Modules] Streaming discord_erlpack@1 to /home/alex/.config/discord/0.0.39/modules/pending/discord_erlpack-1.zip: 88%
2023-12-25T21:55:06.897Z [Modules] Streaming discord_erlpack@1 to /home/alex/.config/discord/0.0.39/modules/pending/discord_erlpack-1.zip: 89%
2023-12-25T21:55:06.901Z [Modules] Streaming discord_erlpack@1 to /home/alex/.config/discord/0.0.39/modules/pending/discord_erlpack-1.zip: 90%
2023-12-25T21:55:06.910Z [Modules] Streaming discord_erlpack@1 to /home/alex/.config/discord/0.0.39/modules/pending/discord_erlpack-1.zip: 91%
2023-12-25T21:55:06.915Z [Modules] Streaming discord_erlpack@1 to /home/alex/.config/discord/0.0.39/modules/pending/discord_erlpack-1.zip: 92%
2023-12-25T21:55:06.918Z [Modules] Streaming discord_erlpack@1 to /home/alex/.config/discord/0.0.39/modules/pending/discord_erlpack-1.zip: 93%
2023-12-25T21:55:06.924Z [Modules] Streaming discord_erlpack@1 to /home/alex/.config/discord/0.0.39/modules/pending/discord_erlpack-1.zip: 94%
2023-12-25T21:55:06.960Z [Modules] Streaming discord_erlpack@1 to /home/alex/.config/discord/0.0.39/modules/pending/discord_erlpack-1.zip: 96%
2023-12-25T21:55:06.969Z [Modules] Streaming discord_erlpack@1 to /home/alex/.config/discord/0.0.39/modules/pending/discord_erlpack-1.zip: 100%
2023-12-25T21:55:06.969Z [Modules] Fetching discord_spellcheck@1 from https://discord.com/api/modules/stable/discord_spellcheck/1
2023-12-25T21:55:06.970Z [Modules] Streaming discord_spellcheck@1 to /home/alex/.config/discord/0.0.39/modules/pending/discord_spellcheck-1.zip
2023-12-25T21:55:07.449Z [Modules] Streaming discord_spellcheck@1 to /home/alex/.config/discord/0.0.39/modules/pending/discord_spellcheck-1.zip: 1%
2023-12-25T21:55:07.537Z [Modules] Streaming discord_spellcheck@1 to /home/alex/.config/discord/0.0.39/modules/pending/discord_spellcheck-1.zip: 2%
2023-12-25T21:55:07.591Z [Modules] Streaming discord_spellcheck@1 to /home/alex/.config/discord/0.0.39/modules/pending/discord_spellcheck-1.zip: 3%
2023-12-25T21:55:07.592Z [Modules] Streaming discord_spellcheck@1 to /home/alex/.config/discord/0.0.39/modules/pending/discord_spellcheck-1.zip: 4%
2023-12-25T21:55:07.614Z [Modules] Streaming discord_spellcheck@1 to /home/alex/.config/discord/0.0.39/modules/pending/discord_spellcheck-1.zip: 5%
2023-12-25T21:55:07.665Z [Modules] Streaming discord_spellcheck@1 to /home/alex/.config/discord/0.0.39/modules/pending/discord_spellcheck-1.zip: 6%
2023-12-25T21:55:07.705Z [Modules] Streaming discord_spellcheck@1 to /home/alex/.config/discord/0.0.39/modules/pending/discord_spellcheck-1.zip: 7%
2023-12-25T21:55:07.743Z [Modules] Streaming discord_spellcheck@1 to /home/alex/.config/discord/0.0.39/modules/pending/discord_spellcheck-1.zip: 8%
2023-12-25T21:55:07.772Z [Modules] Streaming discord_spellcheck@1 to /home/alex/.config/discord/0.0.39/modules/pending/discord_spellcheck-1.zip: 9%
2023-12-25T21:55:07.790Z [Modules] Streaming discord_spellcheck@1 to /home/alex/.config/discord/0.0.39/modules/pending/discord_spellcheck-1.zip: 10%
2023-12-25T21:55:07.872Z [Modules] Streaming discord_spellcheck@1 to /home/alex/.config/discord/0.0.39/modules/pending/discord_spellcheck-1.zip: 11%
2023-12-25T21:55:07.917Z [Modules] Streaming discord_spellcheck@1 to /home/alex/.config/discord/0.0.39/modules/pending/discord_spellcheck-1.zip: 12%
2023-12-25T21:55:07.947Z [Modules] Streaming discord_spellcheck@1 to /home/alex/.config/discord/0.0.39/modules/pending/discord_spellcheck-1.zip: 13%
2023-12-25T21:55:07.983Z [Modules] Streaming discord_spellcheck@1 to /home/alex/.config/discord/0.0.39/modules/pending/discord_spellcheck-1.zip: 14%
2023-12-25T21:55:08.023Z [Modules] Streaming discord_spellcheck@1 to /home/alex/.config/discord/0.0.39/modules/pending/discord_spellcheck-1.zip: 15%
2023-12-25T21:55:08.052Z [Modules] Streaming discord_spellcheck@1 to /home/alex/.config/discord/0.0.39/modules/pending/discord_spellcheck-1.zip: 16%
2023-12-25T21:55:08.113Z [Modules] Streaming discord_spellcheck@1 to /home/alex/.config/discord/0.0.39/modules/pending/discord_spellcheck-1.zip: 17%
2023-12-25T21:55:08.133Z [Modules] Streaming discord_spellcheck@1 to /home/alex/.config/discord/0.0.39/modules/pending/discord_spellcheck-1.zip: 18%
2023-12-25T21:55:08.194Z [Modules] Streaming discord_spellcheck@1 to /home/alex/.config/discord/0.0.39/modules/pending/discord_spellcheck-1.zip: 19%
2023-12-25T21:55:08.229Z [Modules] Streaming discord_spellcheck@1 to /home/alex/.config/discord/0.0.39/modules/pending/discord_spellcheck-1.zip: 20%
2023-12-25T21:55:08.260Z [Modules] Streaming discord_spellcheck@1 to /home/alex/.config/discord/0.0.39/modules/pending/discord_spellcheck-1.zip: 21%
2023-12-25T21:55:08.297Z [Modules] Streaming discord_spellcheck@1 to /home/alex/.config/discord/0.0.39/modules/pending/discord_spellcheck-1.zip: 22%
2023-12-25T21:55:08.345Z [Modules] Streaming discord_spellcheck@1 to /home/alex/.config/discord/0.0.39/modules/pending/discord_spellcheck-1.zip: 23%
2023-12-25T21:55:08.388Z [Modules] Streaming discord_spellcheck@1 to /home/alex/.config/discord/0.0.39/modules/pending/discord_spellcheck-1.zip: 24%
2023-12-25T21:55:08.393Z [Modules] Streaming discord_spellcheck@1 to /home/alex/.config/discord/0.0.39/modules/pending/discord_spellcheck-1.zip: 25%
2023-12-25T21:55:08.452Z [Modules] Streaming discord_spellcheck@1 to /home/alex/.config/discord/0.0.39/modules/pending/discord_spellcheck-1.zip: 26%
2023-12-25T21:55:08.501Z [Modules] Streaming discord_spellcheck@1 to /home/alex/.config/discord/0.0.39/modules/pending/discord_spellcheck-1.zip: 27%
2023-12-25T21:55:08.566Z [Modules] Streaming discord_spellcheck@1 to /home/alex/.config/discord/0.0.39/modules/pending/discord_spellcheck-1.zip: 28%
2023-12-25T21:55:08.594Z [Modules] Streaming discord_spellcheck@1 to /home/alex/.config/discord/0.0.39/modules/pending/discord_spellcheck-1.zip: 29%
2023-12-25T21:55:08.628Z [Modules] Streaming discord_spellcheck@1 to /home/alex/.config/discord/0.0.39/modules/pending/discord_spellcheck-1.zip: 30%
2023-12-25T21:55:08.663Z [Modules] Streaming discord_spellcheck@1 to /home/alex/.config/discord/0.0.39/modules/pending/discord_spellcheck-1.zip: 31%
2023-12-25T21:55:08.698Z [Modules] Streaming discord_spellcheck@1 to /home/alex/.config/discord/0.0.39/modules/pending/discord_spellcheck-1.zip: 32%
2023-12-25T21:55:08.734Z [Modules] Streaming discord_spellcheck@1 to /home/alex/.config/discord/0.0.39/modules/pending/discord_spellcheck-1.zip: 33%
2023-12-25T21:55:08.797Z [Modules] Streaming discord_spellcheck@1 to /home/alex/.config/discord/0.0.39/modules/pending/discord_spellcheck-1.zip: 34%
2023-12-25T21:55:08.825Z [Modules] Streaming discord_spellcheck@1 to /home/alex/.config/discord/0.0.39/modules/pending/discord_spellcheck-1.zip: 35%
2023-12-25T21:55:08.888Z [Modules] Streaming discord_spellcheck@1 to /home/alex/.config/discord/0.0.39/modules/pending/discord_spellcheck-1.zip: 36%
2023-12-25T21:55:08.933Z [Modules] Streaming discord_spellcheck@1 to /home/alex/.config/discord/0.0.39/modules/pending/discord_spellcheck-1.zip: 37%
2023-12-25T21:55:08.940Z [Modules] Streaming discord_spellcheck@1 to /home/alex/.config/discord/0.0.39/modules/pending/discord_spellcheck-1.zip: 38%
2023-12-25T21:55:08.994Z [Modules] Streaming discord_spellcheck@1 to /home/alex/.config/discord/0.0.39/modules/pending/discord_spellcheck-1.zip: 39%
2023-12-25T21:55:09.043Z [Modules] Streaming discord_spellcheck@1 to /home/alex/.config/discord/0.0.39/modules/pending/discord_spellcheck-1.zip: 40%
2023-12-25T21:55:09.073Z [Modules] Streaming discord_spellcheck@1 to /home/alex/.config/discord/0.0.39/modules/pending/discord_spellcheck-1.zip: 41%
2023-12-25T21:55:09.137Z [Modules] Streaming discord_spellcheck@1 to /home/alex/.config/discord/0.0.39/modules/pending/discord_spellcheck-1.zip: 42%
2023-12-25T21:55:09.170Z [Modules] Streaming discord_spellcheck@1 to /home/alex/.config/discord/0.0.39/modules/pending/discord_spellcheck-1.zip: 43%
2023-12-25T21:55:09.182Z [Modules] Streaming discord_spellcheck@1 to /home/alex/.config/discord/0.0.39/modules/pending/discord_spellcheck-1.zip: 44%
2023-12-25T21:55:09.224Z [Modules] Streaming discord_spellcheck@1 to /home/alex/.config/discord/0.0.39/modules/pending/discord_spellcheck-1.zip: 45%
2023-12-25T21:55:09.268Z [Modules] Streaming discord_spellcheck@1 to /home/alex/.config/discord/0.0.39/modules/pending/discord_spellcheck-1.zip: 46%
2023-12-25T21:55:09.299Z [Modules] Streaming discord_spellcheck@1 to /home/alex/.config/discord/0.0.39/modules/pending/discord_spellcheck-1.zip: 47%
2023-12-25T21:55:09.391Z [Modules] Streaming discord_spellcheck@1 to /home/alex/.config/discord/0.0.39/modules/pending/discord_spellcheck-1.zip: 48%
2023-12-25T21:55:09.392Z [Modules] Streaming discord_spellcheck@1 to /home/alex/.config/discord/0.0.39/modules/pending/discord_spellcheck-1.zip: 49%
2023-12-25T21:55:09.417Z [Modules] Streaming discord_spellcheck@1 to /home/alex/.config/discord/0.0.39/modules/pending/discord_spellcheck-1.zip: 50%
2023-12-25T21:55:09.460Z [Modules] Streaming discord_spellcheck@1 to /home/alex/.config/discord/0.0.39/modules/pending/discord_spellcheck-1.zip: 51%
2023-12-25T21:55:09.493Z [Modules] Streaming discord_spellcheck@1 to /home/alex/.config/discord/0.0.39/modules/pending/discord_spellcheck-1.zip: 52%
2023-12-25T21:55:09.553Z [Modules] Streaming discord_spellcheck@1 to /home/alex/.config/discord/0.0.39/modules/pending/discord_spellcheck-1.zip: 53%
2023-12-25T21:55:09.568Z [Modules] Streaming discord_spellcheck@1 to /home/alex/.config/discord/0.0.39/modules/pending/discord_spellcheck-1.zip: 54%
2023-12-25T21:55:09.607Z [Modules] Streaming discord_spellcheck@1 to /home/alex/.config/discord/0.0.39/modules/pending/discord_spellcheck-1.zip: 55%
2023-12-25T21:55:09.645Z [Modules] Streaming discord_spellcheck@1 to /home/alex/.config/discord/0.0.39/modules/pending/discord_spellcheck-1.zip: 56%
2023-12-25T21:55:09.677Z [Modules] Streaming discord_spellcheck@1 to /home/alex/.config/discord/0.0.39/modules/pending/discord_spellcheck-1.zip: 57%
2023-12-25T21:55:09.733Z [Modules] Streaming discord_spellcheck@1 to /home/alex/.config/discord/0.0.39/modules/pending/discord_spellcheck-1.zip: 58%
2023-12-25T21:55:09.758Z [Modules] Streaming discord_spellcheck@1 to /home/alex/.config/discord/0.0.39/modules/pending/discord_spellcheck-1.zip: 59%
2023-12-25T21:55:09.793Z [Modules] Streaming discord_spellcheck@1 to /home/alex/.config/discord/0.0.39/modules/pending/discord_spellcheck-1.zip: 60%
2023-12-25T21:55:09.848Z [Modules] Streaming discord_spellcheck@1 to /home/alex/.config/discord/0.0.39/modules/pending/discord_spellcheck-1.zip: 61%
2023-12-25T21:55:09.887Z [Modules] Streaming discord_spellcheck@1 to /home/alex/.config/discord/0.0.39/modules/pending/discord_spellcheck-1.zip: 62%
2023-12-25T21:55:09.917Z [Modules] Streaming discord_spellcheck@1 to /home/alex/.config/discord/0.0.39/modules/pending/discord_spellcheck-1.zip: 63%
2023-12-25T21:55:09.985Z [Modules] Streaming discord_spellcheck@1 to /home/alex/.config/discord/0.0.39/modules/pending/discord_spellcheck-1.zip: 64%
2023-12-25T21:55:09.986Z [Modules] Streaming discord_spellcheck@1 to /home/alex/.config/discord/0.0.39/modules/pending/discord_spellcheck-1.zip: 65%
2023-12-25T21:55:10.021Z [Modules] Streaming discord_spellcheck@1 to /home/alex/.config/discord/0.0.39/modules/pending/discord_spellcheck-1.zip: 66%
2023-12-25T21:55:10.060Z [Modules] Streaming discord_spellcheck@1 to /home/alex/.config/discord/0.0.39/modules/pending/discord_spellcheck-1.zip: 67%
2023-12-25T21:55:10.103Z [Modules] Streaming discord_spellcheck@1 to /home/alex/.config/discord/0.0.39/modules/pending/discord_spellcheck-1.zip: 68%
2023-12-25T21:55:10.148Z [Modules] Streaming discord_spellcheck@1 to /home/alex/.config/discord/0.0.39/modules/pending/discord_spellcheck-1.zip: 69%
2023-12-25T21:55:10.195Z [Modules] Streaming discord_spellcheck@1 to /home/alex/.config/discord/0.0.39/modules/pending/discord_spellcheck-1.zip: 70%
2023-12-25T21:55:10.231Z [Modules] Streaming discord_spellcheck@1 to /home/alex/.config/discord/0.0.39/modules/pending/discord_spellcheck-1.zip: 71%
2023-12-25T21:55:10.261Z [Modules] Streaming discord_spellcheck@1 to /home/alex/.config/discord/0.0.39/modules/pending/discord_spellcheck-1.zip: 72%
2023-12-25T21:55:10.321Z [Modules] Streaming discord_spellcheck@1 to /home/alex/.config/discord/0.0.39/modules/pending/discord_spellcheck-1.zip: 73%
2023-12-25T21:55:10.345Z [Modules] Streaming discord_spellcheck@1 to /home/alex/.config/discord/0.0.39/modules/pending/discord_spellcheck-1.zip: 74%
2023-12-25T21:55:10.390Z [Modules] Streaming discord_spellcheck@1 to /home/alex/.config/discord/0.0.39/modules/pending/discord_spellcheck-1.zip: 75%
2023-12-25T21:55:10.437Z [Modules] Streaming discord_spellcheck@1 to /home/alex/.config/discord/0.0.39/modules/pending/discord_spellcheck-1.zip: 76%
2023-12-25T21:55:10.474Z [Modules] Streaming discord_spellcheck@1 to /home/alex/.config/discord/0.0.39/modules/pending/discord_spellcheck-1.zip: 77%
2023-12-25T21:55:10.519Z [Modules] Streaming discord_spellcheck@1 to /home/alex/.config/discord/0.0.39/modules/pending/discord_spellcheck-1.zip: 78%
2023-12-25T21:55:10.564Z [Modules] Streaming discord_spellcheck@1 to /home/alex/.config/discord/0.0.39/modules/pending/discord_spellcheck-1.zip: 79%
2023-12-25T21:55:10.600Z [Modules] Streaming discord_spellcheck@1 to /home/alex/.config/discord/0.0.39/modules/pending/discord_spellcheck-1.zip: 80%
2023-12-25T21:55:10.640Z [Modules] Streaming discord_spellcheck@1 to /home/alex/.config/discord/0.0.39/modules/pending/discord_spellcheck-1.zip: 81%
2023-12-25T21:55:10.686Z [Modules] Streaming discord_spellcheck@1 to /home/alex/.config/discord/0.0.39/modules/pending/discord_spellcheck-1.zip: 82%
2023-12-25T21:55:10.743Z [Modules] Streaming discord_spellcheck@1 to /home/alex/.config/discord/0.0.39/modules/pending/discord_spellcheck-1.zip: 83%
2023-12-25T21:55:10.789Z [Modules] Streaming discord_spellcheck@1 to /home/alex/.config/discord/0.0.39/modules/pending/discord_spellcheck-1.zip: 84%
2023-12-25T21:55:10.829Z [Modules] Streaming discord_spellcheck@1 to /home/alex/.config/discord/0.0.39/modules/pending/discord_spellcheck-1.zip: 85%
2023-12-25T21:55:10.861Z [Modules] Streaming discord_spellcheck@1 to /home/alex/.config/discord/0.0.39/modules/pending/discord_spellcheck-1.zip: 86%
2023-12-25T21:55:10.894Z [Modules] Streaming discord_spellcheck@1 to /home/alex/.config/discord/0.0.39/modules/pending/discord_spellcheck-1.zip: 87%
2023-12-25T21:55:10.942Z [Modules] Streaming discord_spellcheck@1 to /home/alex/.config/discord/0.0.39/modules/pending/discord_spellcheck-1.zip: 88%
2023-12-25T21:55:10.973Z [Modules] Streaming discord_spellcheck@1 to /home/alex/.config/discord/0.0.39/modules/pending/discord_spellcheck-1.zip: 89%
2023-12-25T21:55:11.021Z [Modules] Streaming discord_spellcheck@1 to /home/alex/.config/discord/0.0.39/modules/pending/discord_spellcheck-1.zip: 90%
2023-12-25T21:55:11.063Z [Modules] Streaming discord_spellcheck@1 to /home/alex/.config/discord/0.0.39/modules/pending/discord_spellcheck-1.zip: 91%
2023-12-25T21:55:11.092Z [Modules] Streaming discord_spellcheck@1 to /home/alex/.config/discord/0.0.39/modules/pending/discord_spellcheck-1.zip: 92%
2023-12-25T21:55:11.147Z [Modules] Streaming discord_spellcheck@1 to /home/alex/.config/discord/0.0.39/modules/pending/discord_spellcheck-1.zip: 93%
2023-12-25T21:55:11.196Z [Modules] Streaming discord_spellcheck@1 to /home/alex/.config/discord/0.0.39/modules/pending/discord_spellcheck-1.zip: 94%
2023-12-25T21:55:11.237Z [Modules] Streaming discord_spellcheck@1 to /home/alex/.config/discord/0.0.39/modules/pending/discord_spellcheck-1.zip: 95%
2023-12-25T21:55:11.276Z [Modules] Streaming discord_spellcheck@1 to /home/alex/.config/discord/0.0.39/modules/pending/discord_spellcheck-1.zip: 96%
2023-12-25T21:55:11.337Z [Modules] Streaming discord_spellcheck@1 to /home/alex/.config/discord/0.0.39/modules/pending/discord_spellcheck-1.zip: 97%
2023-12-25T21:55:11.350Z [Modules] Streaming discord_spellcheck@1 to /home/alex/.config/discord/0.0.39/modules/pending/discord_spellcheck-1.zip: 98%
2023-12-25T21:55:11.387Z [Modules] Streaming discord_spellcheck@1 to /home/alex/.config/discord/0.0.39/modules/pending/discord_spellcheck-1.zip: 99%
2023-12-25T21:55:11.429Z [Modules] Streaming discord_spellcheck@1 to /home/alex/.config/discord/0.0.39/modules/pending/discord_spellcheck-1.zip: 100%
2023-12-25T21:55:11.430Z [Modules] Fetching discord_utils@1 from https://discord.com/api/modules/stable/discord_utils/1
2023-12-25T21:55:11.430Z [Modules] Streaming discord_utils@1 to /home/alex/.config/discord/0.0.39/modules/pending/discord_utils-1.zip
2023-12-25T21:55:11.686Z [Modules] Streaming discord_utils@1 to /home/alex/.config/discord/0.0.39/modules/pending/discord_utils-1.zip: 1%
2023-12-25T21:55:11.727Z [Modules] Streaming discord_utils@1 to /home/alex/.config/discord/0.0.39/modules/pending/discord_utils-1.zip: 2%
2023-12-25T21:55:11.733Z [Modules] Streaming discord_utils@1 to /home/alex/.config/discord/0.0.39/modules/pending/discord_utils-1.zip: 3%
2023-12-25T21:55:11.771Z [Modules] Streaming discord_utils@1 to /home/alex/.config/discord/0.0.39/modules/pending/discord_utils-1.zip: 5%
2023-12-25T21:55:11.778Z [Modules] Streaming discord_utils@1 to /home/alex/.config/discord/0.0.39/modules/pending/discord_utils-1.zip: 6%
2023-12-25T21:55:11.788Z [Modules] Streaming discord_utils@1 to /home/alex/.config/discord/0.0.39/modules/pending/discord_utils-1.zip: 7%
2023-12-25T21:55:11.803Z [Modules] Streaming discord_utils@1 to /home/alex/.config/discord/0.0.39/modules/pending/discord_utils-1.zip: 8%
2023-12-25T21:55:11.831Z [Modules] Streaming discord_utils@1 to /home/alex/.config/discord/0.0.39/modules/pending/discord_utils-1.zip: 10%
2023-12-25T21:55:11.844Z [Modules] Streaming discord_utils@1 to /home/alex/.config/discord/0.0.39/modules/pending/discord_utils-1.zip: 11%
2023-12-25T21:55:11.876Z [Modules] Streaming discord_utils@1 to /home/alex/.config/discord/0.0.39/modules/pending/discord_utils-1.zip: 13%
2023-12-25T21:55:11.901Z [Modules] Streaming discord_utils@1 to /home/alex/.config/discord/0.0.39/modules/pending/discord_utils-1.zip: 14%
2023-12-25T21:55:11.907Z [Modules] Streaming discord_utils@1 to /home/alex/.config/discord/0.0.39/modules/pending/discord_utils-1.zip: 15%
2023-12-25T21:55:11.913Z [Modules] Streaming discord_utils@1 to /home/alex/.config/discord/0.0.39/modules/pending/discord_utils-1.zip: 16%
2023-12-25T21:55:11.932Z [Modules] Streaming discord_utils@1 to /home/alex/.config/discord/0.0.39/modules/pending/discord_utils-1.zip: 17%
2023-12-25T21:55:11.966Z [Modules] Streaming discord_utils@1 to /home/alex/.config/discord/0.0.39/modules/pending/discord_utils-1.zip: 20%
2023-12-25T21:55:11.985Z [Modules] Streaming discord_utils@1 to /home/alex/.config/discord/0.0.39/modules/pending/discord_utils-1.zip: 22%
2023-12-25T21:55:12.018Z [Modules] Streaming discord_utils@1 to /home/alex/.config/discord/0.0.39/modules/pending/discord_utils-1.zip: 23%
2023-12-25T21:55:12.034Z [Modules] Streaming discord_utils@1 to /home/alex/.config/discord/0.0.39/modules/pending/discord_utils-1.zip: 24%
2023-12-25T21:55:12.041Z [Modules] Streaming discord_utils@1 to /home/alex/.config/discord/0.0.39/modules/pending/discord_utils-1.zip: 25%
2023-12-25T21:55:12.068Z [Modules] Streaming discord_utils@1 to /home/alex/.config/discord/0.0.39/modules/pending/discord_utils-1.zip: 27%
2023-12-25T21:55:12.077Z [Modules] Streaming discord_utils@1 to /home/alex/.config/discord/0.0.39/modules/pending/discord_utils-1.zip: 28%
2023-12-25T21:55:12.105Z [Modules] Streaming discord_utils@1 to /home/alex/.config/discord/0.0.39/modules/pending/discord_utils-1.zip: 30%
2023-12-25T21:55:12.114Z [Modules] Streaming discord_utils@1 to /home/alex/.config/discord/0.0.39/modules/pending/discord_utils-1.zip: 31%
2023-12-25T21:55:12.126Z [Modules] Streaming discord_utils@1 to /home/alex/.config/discord/0.0.39/modules/pending/discord_utils-1.zip: 32%
2023-12-25T21:55:12.141Z [Modules] Streaming discord_utils@1 to /home/alex/.config/discord/0.0.39/modules/pending/discord_utils-1.zip: 33%
2023-12-25T21:55:12.155Z [Modules] Streaming discord_utils@1 to /home/alex/.config/discord/0.0.39/modules/pending/discord_utils-1.zip: 34%
2023-12-25T21:55:12.169Z [Modules] Streaming discord_utils@1 to /home/alex/.config/discord/0.0.39/modules/pending/discord_utils-1.zip: 35%
2023-12-25T21:55:12.184Z [Modules] Streaming discord_utils@1 to /home/alex/.config/discord/0.0.39/modules/pending/discord_utils-1.zip: 36%
2023-12-25T21:55:12.198Z [Modules] Streaming discord_utils@1 to /home/alex/.config/discord/0.0.39/modules/pending/discord_utils-1.zip: 37%
2023-12-25T21:55:12.212Z [Modules] Streaming discord_utils@1 to /home/alex/.config/discord/0.0.39/modules/pending/discord_utils-1.zip: 38%
2023-12-25T21:55:12.219Z [Modules] Streaming discord_utils@1 to /home/alex/.config/discord/0.0.39/modules/pending/discord_utils-1.zip: 39%
2023-12-25T21:55:12.233Z [Modules] Streaming discord_utils@1 to /home/alex/.config/discord/0.0.39/modules/pending/discord_utils-1.zip: 40%
2023-12-25T21:55:12.247Z [Modules] Streaming discord_utils@1 to /home/alex/.config/discord/0.0.39/modules/pending/discord_utils-1.zip: 41%
2023-12-25T21:55:12.264Z [Modules] Streaming discord_utils@1 to /home/alex/.config/discord/0.0.39/modules/pending/discord_utils-1.zip: 42%
2023-12-25T21:55:12.278Z [Modules] Streaming discord_utils@1 to /home/alex/.config/discord/0.0.39/modules/pending/discord_utils-1.zip: 43%
2023-12-25T21:55:12.293Z [Modules] Streaming discord_utils@1 to /home/alex/.config/discord/0.0.39/modules/pending/discord_utils-1.zip: 44%
2023-12-25T21:55:12.309Z [Modules] Streaming discord_utils@1 to /home/alex/.config/discord/0.0.39/modules/pending/discord_utils-1.zip: 45%
2023-12-25T21:55:12.325Z [Modules] Streaming discord_utils@1 to /home/alex/.config/discord/0.0.39/modules/pending/discord_utils-1.zip: 46%
2023-12-25T21:55:12.339Z [Modules] Streaming discord_utils@1 to /home/alex/.config/discord/0.0.39/modules/pending/discord_utils-1.zip: 47%
2023-12-25T21:55:12.356Z [Modules] Streaming discord_utils@1 to /home/alex/.config/discord/0.0.39/modules/pending/discord_utils-1.zip: 48%
2023-12-25T21:55:12.364Z [Modules] Streaming discord_utils@1 to /home/alex/.config/discord/0.0.39/modules/pending/discord_utils-1.zip: 49%
2023-12-25T21:55:12.380Z [Modules] Streaming discord_utils@1 to /home/alex/.config/discord/0.0.39/modules/pending/discord_utils-1.zip: 50%
2023-12-25T21:55:12.395Z [Modules] Streaming discord_utils@1 to /home/alex/.config/discord/0.0.39/modules/pending/discord_utils-1.zip: 51%
2023-12-25T21:55:12.413Z [Modules] Streaming discord_utils@1 to /home/alex/.config/discord/0.0.39/modules/pending/discord_utils-1.zip: 52%
2023-12-25T21:55:12.428Z [Modules] Streaming discord_utils@1 to /home/alex/.config/discord/0.0.39/modules/pending/discord_utils-1.zip: 53%
2023-12-25T21:55:12.442Z [Modules] Streaming discord_utils@1 to /home/alex/.config/discord/0.0.39/modules/pending/discord_utils-1.zip: 54%
2023-12-25T21:55:12.458Z [Modules] Streaming discord_utils@1 to /home/alex/.config/discord/0.0.39/modules/pending/discord_utils-1.zip: 55%
2023-12-25T21:55:12.495Z [Modules] Streaming discord_utils@1 to /home/alex/.config/discord/0.0.39/modules/pending/discord_utils-1.zip: 56%
2023-12-25T21:55:12.505Z [Modules] Streaming discord_utils@1 to /home/alex/.config/discord/0.0.39/modules/pending/discord_utils-1.zip: 57%
2023-12-25T21:55:12.518Z [Modules] Streaming discord_utils@1 to /home/alex/.config/discord/0.0.39/modules/pending/discord_utils-1.zip: 59%
2023-12-25T21:55:12.550Z [Modules] Streaming discord_utils@1 to /home/alex/.config/discord/0.0.39/modules/pending/discord_utils-1.zip: 60%
2023-12-25T21:55:12.572Z [Modules] Streaming discord_utils@1 to /home/alex/.config/discord/0.0.39/modules/pending/discord_utils-1.zip: 62%
2023-12-25T21:55:12.598Z [Modules] Streaming discord_utils@1 to /home/alex/.config/discord/0.0.39/modules/pending/discord_utils-1.zip: 63%
2023-12-25T21:55:12.629Z [Modules] Streaming discord_utils@1 to /home/alex/.config/discord/0.0.39/modules/pending/discord_utils-1.zip: 64%
2023-12-25T21:55:12.637Z [Modules] Streaming discord_utils@1 to /home/alex/.config/discord/0.0.39/modules/pending/discord_utils-1.zip: 66%
2023-12-25T21:55:12.662Z [Modules] Streaming discord_utils@1 to /home/alex/.config/discord/0.0.39/modules/pending/discord_utils-1.zip: 67%
2023-12-25T21:55:12.662Z [Modules] Streaming discord_utils@1 to /home/alex/.config/discord/0.0.39/modules/pending/discord_utils-1.zip: 68%
2023-12-25T21:55:12.694Z [Modules] Streaming discord_utils@1 to /home/alex/.config/discord/0.0.39/modules/pending/discord_utils-1.zip: 69%
2023-12-25T21:55:12.702Z [Modules] Streaming discord_utils@1 to /home/alex/.config/discord/0.0.39/modules/pending/discord_utils-1.zip: 70%
2023-12-25T21:55:12.732Z [Modules] Streaming discord_utils@1 to /home/alex/.config/discord/0.0.39/modules/pending/discord_utils-1.zip: 72%
2023-12-25T21:55:12.751Z [Modules] Streaming discord_utils@1 to /home/alex/.config/discord/0.0.39/modules/pending/discord_utils-1.zip: 73%
2023-12-25T21:55:12.758Z [Modules] Streaming discord_utils@1 to /home/alex/.config/discord/0.0.39/modules/pending/discord_utils-1.zip: 74%
2023-12-25T21:55:12.761Z [Modules] Streaming discord_utils@1 to /home/alex/.config/discord/0.0.39/modules/pending/discord_utils-1.zip: 75%
2023-12-25T21:55:12.815Z [Modules] Streaming discord_utils@1 to /home/alex/.config/discord/0.0.39/modules/pending/discord_utils-1.zip: 76%
2023-12-25T21:55:12.829Z [Modules] Streaming discord_utils@1 to /home/alex/.config/discord/0.0.39/modules/pending/discord_utils-1.zip: 78%
2023-12-25T21:55:12.839Z [Modules] Streaming discord_utils@1 to /home/alex/.config/discord/0.0.39/modules/pending/discord_utils-1.zip: 79%
2023-12-25T21:55:12.854Z [Modules] Streaming discord_utils@1 to /home/alex/.config/discord/0.0.39/modules/pending/discord_utils-1.zip: 81%
2023-12-25T21:55:12.887Z [Modules] Streaming discord_utils@1 to /home/alex/.config/discord/0.0.39/modules/pending/discord_utils-1.zip: 82%
2023-12-25T21:55:12.901Z [Modules] Streaming discord_utils@1 to /home/alex/.config/discord/0.0.39/modules/pending/discord_utils-1.zip: 83%
2023-12-25T21:55:12.911Z [Modules] Streaming discord_utils@1 to /home/alex/.config/discord/0.0.39/modules/pending/discord_utils-1.zip: 84%
2023-12-25T21:55:12.939Z [Modules] Streaming discord_utils@1 to /home/alex/.config/discord/0.0.39/modules/pending/discord_utils-1.zip: 85%
2023-12-25T21:55:12.956Z [Modules] Streaming discord_utils@1 to /home/alex/.config/discord/0.0.39/modules/pending/discord_utils-1.zip: 86%
2023-12-25T21:55:12.990Z [Modules] Streaming discord_utils@1 to /home/alex/.config/discord/0.0.39/modules/pending/discord_utils-1.zip: 88%
2023-12-25T21:55:12.995Z [Modules] Streaming discord_utils@1 to /home/alex/.config/discord/0.0.39/modules/pending/discord_utils-1.zip: 89%
2023-12-25T21:55:13.013Z [Modules] Streaming discord_utils@1 to /home/alex/.config/discord/0.0.39/modules/pending/discord_utils-1.zip: 90%
2023-12-25T21:55:13.019Z [Modules] Streaming discord_utils@1 to /home/alex/.config/discord/0.0.39/modules/pending/discord_utils-1.zip: 91%
2023-12-25T21:55:13.050Z [Modules] Streaming discord_utils@1 to /home/alex/.config/discord/0.0.39/modules/pending/discord_utils-1.zip: 92%
2023-12-25T21:55:13.064Z [Modules] Streaming discord_utils@1 to /home/alex/.config/discord/0.0.39/modules/pending/discord_utils-1.zip: 93%
2023-12-25T21:55:13.075Z [Modules] Streaming discord_utils@1 to /home/alex/.config/discord/0.0.39/modules/pending/discord_utils-1.zip: 94%
2023-12-25T21:55:13.089Z [Modules] Streaming discord_utils@1 to /home/alex/.config/discord/0.0.39/modules/pending/discord_utils-1.zip: 95%
2023-12-25T21:55:13.112Z [Modules] Streaming discord_utils@1 to /home/alex/.config/discord/0.0.39/modules/pending/discord_utils-1.zip: 96%
2023-12-25T21:55:13.141Z [Modules] Streaming discord_utils@1 to /home/alex/.config/discord/0.0.39/modules/pending/discord_utils-1.zip: 98%
2023-12-25T21:55:13.159Z [Modules] Streaming discord_utils@1 to /home/alex/.config/discord/0.0.39/modules/pending/discord_utils-1.zip: 99%
2023-12-25T21:55:13.161Z [Modules] Streaming discord_utils@1 to /home/alex/.config/discord/0.0.39/modules/pending/discord_utils-1.zip: 100%
2023-12-25T21:55:13.161Z [Modules] Fetching discord_voice@1 from https://discord.com/api/modules/stable/discord_voice/1
2023-12-25T21:55:13.161Z [Modules] Streaming discord_voice@1 to /home/alex/.config/discord/0.0.39/modules/pending/discord_voice-1.zip
2023-12-25T21:55:13.633Z [Modules] Streaming discord_voice@1 to /home/alex/.config/discord/0.0.39/modules/pending/discord_voice-1.zip: 1%
2023-12-25T21:55:13.716Z [Modules] Streaming discord_voice@1 to /home/alex/.config/discord/0.0.39/modules/pending/discord_voice-1.zip: 2%
2023-12-25T21:55:13.900Z [Modules] Streaming discord_voice@1 to /home/alex/.config/discord/0.0.39/modules/pending/discord_voice-1.zip: 3%
2023-12-25T21:55:14.054Z [Modules] Streaming discord_voice@1 to /home/alex/.config/discord/0.0.39/modules/pending/discord_voice-1.zip: 4%
2023-12-25T21:55:14.240Z [Modules] Streaming discord_voice@1 to /home/alex/.config/discord/0.0.39/modules/pending/discord_voice-1.zip: 5%
2023-12-25T21:55:14.433Z [Modules] Streaming discord_voice@1 to /home/alex/.config/discord/0.0.39/modules/pending/discord_voice-1.zip: 6%
2023-12-25T21:55:14.580Z [Modules] Streaming discord_voice@1 to /home/alex/.config/discord/0.0.39/modules/pending/discord_voice-1.zip: 7%
2023-12-25T21:55:14.738Z [Modules] Streaming discord_voice@1 to /home/alex/.config/discord/0.0.39/modules/pending/discord_voice-1.zip: 8%
2023-12-25T21:55:14.902Z [Modules] Streaming discord_voice@1 to /home/alex/.config/discord/0.0.39/modules/pending/discord_voice-1.zip: 9%
2023-12-25T21:55:15.115Z [Modules] Streaming discord_voice@1 to /home/alex/.config/discord/0.0.39/modules/pending/discord_voice-1.zip: 10%
2023-12-25T21:55:15.248Z [Modules] Streaming discord_voice@1 to /home/alex/.config/discord/0.0.39/modules/pending/discord_voice-1.zip: 11%
2023-12-25T21:55:15.544Z [Modules] Streaming discord_voice@1 to /home/alex/.config/discord/0.0.39/modules/pending/discord_voice-1.zip: 12%
2023-12-25T21:55:15.714Z [Modules] Streaming discord_voice@1 to /home/alex/.config/discord/0.0.39/modules/pending/discord_voice-1.zip: 13%
2023-12-25T21:55:15.866Z [Modules] Streaming discord_voice@1 to /home/alex/.config/discord/0.0.39/modules/pending/discord_voice-1.zip: 14%
2023-12-25T21:55:16.053Z [Modules] Streaming discord_voice@1 to /home/alex/.config/discord/0.0.39/modules/pending/discord_voice-1.zip: 15%
2023-12-25T21:55:16.237Z [Modules] Streaming discord_voice@1 to /home/alex/.config/discord/0.0.39/modules/pending/discord_voice-1.zip: 16%
2023-12-25T21:55:16.466Z [Modules] Streaming discord_voice@1 to /home/alex/.config/discord/0.0.39/modules/pending/discord_voice-1.zip: 17%
2023-12-25T21:55:16.677Z [Modules] Streaming discord_voice@1 to /home/alex/.config/discord/0.0.39/modules/pending/discord_voice-1.zip: 18%
2023-12-25T21:55:16.897Z [Modules] Streaming discord_voice@1 to /home/alex/.config/discord/0.0.39/modules/pending/discord_voice-1.zip: 19%
2023-12-25T21:55:17.147Z [Modules] Streaming discord_voice@1 to /home/alex/.config/discord/0.0.39/modules/pending/discord_voice-1.zip: 20%
2023-12-25T21:55:17.347Z [Modules] Streaming discord_voice@1 to /home/alex/.config/discord/0.0.39/modules/pending/discord_voice-1.zip: 21%
2023-12-25T21:55:17.570Z [Modules] Streaming discord_voice@1 to /home/alex/.config/discord/0.0.39/modules/pending/discord_voice-1.zip: 22%
2023-12-25T21:55:17.826Z [Modules] Streaming discord_voice@1 to /home/alex/.config/discord/0.0.39/modules/pending/discord_voice-1.zip: 23%
2023-12-25T21:55:18.058Z [Modules] Streaming discord_voice@1 to /home/alex/.config/discord/0.0.39/modules/pending/discord_voice-1.zip: 24%
2023-12-25T21:55:18.338Z [Modules] Streaming discord_voice@1 to /home/alex/.config/discord/0.0.39/modules/pending/discord_voice-1.zip: 25%
2023-12-25T21:55:18.553Z [Modules] Streaming discord_voice@1 to /home/alex/.config/discord/0.0.39/modules/pending/discord_voice-1.zip: 26%
2023-12-25T21:55:18.844Z [Modules] Streaming discord_voice@1 to /home/alex/.config/discord/0.0.39/modules/pending/discord_voice-1.zip: 27%
2023-12-25T21:55:19.090Z [Modules] Streaming discord_voice@1 to /home/alex/.config/discord/0.0.39/modules/pending/discord_voice-1.zip: 28%
2023-12-25T21:55:19.393Z [Modules] Streaming discord_voice@1 to /home/alex/.config/discord/0.0.39/modules/pending/discord_voice-1.zip: 29%
2023-12-25T21:55:19.624Z [Modules] Streaming discord_voice@1 to /home/alex/.config/discord/0.0.39/modules/pending/discord_voice-1.zip: 30%
2023-12-25T21:55:19.868Z [Modules] Streaming discord_voice@1 to /home/alex/.config/discord/0.0.39/modules/pending/discord_voice-1.zip: 31%
2023-12-25T21:55:20.097Z [Modules] Streaming discord_voice@1 to /home/alex/.config/discord/0.0.39/modules/pending/discord_voice-1.zip: 32%
2023-12-25T21:55:20.323Z [Modules] Streaming discord_voice@1 to /home/alex/.config/discord/0.0.39/modules/pending/discord_voice-1.zip: 33%
2023-12-25T21:55:20.544Z [Modules] Streaming discord_voice@1 to /home/alex/.config/discord/0.0.39/modules/pending/discord_voice-1.zip: 34%
2023-12-25T21:55:20.773Z [Modules] Streaming discord_voice@1 to /home/alex/.config/discord/0.0.39/modules/pending/discord_voice-1.zip: 35%
2023-12-25T21:55:21.000Z [Modules] Streaming discord_voice@1 to /home/alex/.config/discord/0.0.39/modules/pending/discord_voice-1.zip: 36%
2023-12-25T21:55:21.326Z [Modules] Streaming discord_voice@1 to /home/alex/.config/discord/0.0.39/modules/pending/discord_voice-1.zip: 37%
2023-12-25T21:55:21.578Z [Modules] Streaming discord_voice@1 to /home/alex/.config/discord/0.0.39/modules/pending/discord_voice-1.zip: 38%
2023-12-25T21:55:21.869Z [Modules] Streaming discord_voice@1 to /home/alex/.config/discord/0.0.39/modules/pending/discord_voice-1.zip: 39%
2023-12-25T21:55:22.106Z [Modules] Streaming discord_voice@1 to /home/alex/.config/discord/0.0.39/modules/pending/discord_voice-1.zip: 40%
2023-12-25T21:55:22.434Z [Modules] Streaming discord_voice@1 to /home/alex/.config/discord/0.0.39/modules/pending/discord_voice-1.zip: 41%
2023-12-25T21:55:22.870Z [Modules] Streaming discord_voice@1 to /home/alex/.config/discord/0.0.39/modules/pending/discord_voice-1.zip: 42%
2023-12-25T21:55:23.165Z [Modules] Streaming discord_voice@1 to /home/alex/.config/discord/0.0.39/modules/pending/discord_voice-1.zip: 43%
2023-12-25T21:55:23.673Z [Modules] Streaming discord_voice@1 to /home/alex/.config/discord/0.0.39/modules/pending/discord_voice-1.zip: 44%
2023-12-25T21:55:24.046Z [Modules] Streaming discord_voice@1 to /home/alex/.config/discord/0.0.39/modules/pending/discord_voice-1.zip: 45%
2023-12-25T21:55:24.454Z [Modules] Streaming discord_voice@1 to /home/alex/.config/discord/0.0.39/modules/pending/discord_voice-1.zip: 46%
2023-12-25T21:55:24.861Z [Modules] Streaming discord_voice@1 to /home/alex/.config/discord/0.0.39/modules/pending/discord_voice-1.zip: 47%
2023-12-25T21:55:25.164Z [Modules] Streaming discord_voice@1 to /home/alex/.config/discord/0.0.39/modules/pending/discord_voice-1.zip: 48%
2023-12-25T21:55:25.535Z [Modules] Streaming discord_voice@1 to /home/alex/.config/discord/0.0.39/modules/pending/discord_voice-1.zip: 49%
2023-12-25T21:55:25.828Z [Modules] Streaming discord_voice@1 to /home/alex/.config/discord/0.0.39/modules/pending/discord_voice-1.zip: 50%
2023-12-25T21:55:26.121Z [Modules] Streaming discord_voice@1 to /home/alex/.config/discord/0.0.39/modules/pending/discord_voice-1.zip: 51%
2023-12-25T21:55:26.395Z [Modules] Streaming discord_voice@1 to /home/alex/.config/discord/0.0.39/modules/pending/discord_voice-1.zip: 52%
2023-12-25T21:55:26.707Z [Modules] Streaming discord_voice@1 to /home/alex/.config/discord/0.0.39/modules/pending/discord_voice-1.zip: 53%
2023-12-25T21:55:26.994Z [Modules] Streaming discord_voice@1 to /home/alex/.config/discord/0.0.39/modules/pending/discord_voice-1.zip: 54%
2023-12-25T21:55:27.286Z [Modules] Streaming discord_voice@1 to /home/alex/.config/discord/0.0.39/modules/pending/discord_voice-1.zip: 55%
2023-12-25T21:55:27.573Z [Modules] Streaming discord_voice@1 to /home/alex/.config/discord/0.0.39/modules/pending/discord_voice-1.zip: 56%
2023-12-25T21:55:27.864Z [Modules] Streaming discord_voice@1 to /home/alex/.config/discord/0.0.39/modules/pending/discord_voice-1.zip: 57%
2023-12-25T21:55:28.206Z [Modules] Streaming discord_voice@1 to /home/alex/.config/discord/0.0.39/modules/pending/discord_voice-1.zip: 58%
2023-12-25T21:55:28.509Z [Modules] Streaming discord_voice@1 to /home/alex/.config/discord/0.0.39/modules/pending/discord_voice-1.zip: 59%
2023-12-25T21:55:28.785Z [Modules] Streaming discord_voice@1 to /home/alex/.config/discord/0.0.39/modules/pending/discord_voice-1.zip: 60%
2023-12-25T21:55:29.119Z [Modules] Streaming discord_voice@1 to /home/alex/.config/discord/0.0.39/modules/pending/discord_voice-1.zip: 61%
2023-12-25T21:55:29.356Z [Modules] Streaming discord_voice@1 to /home/alex/.config/discord/0.0.39/modules/pending/discord_voice-1.zip: 62%
2023-12-25T21:55:29.600Z [Modules] Streaming discord_voice@1 to /home/alex/.config/discord/0.0.39/modules/pending/discord_voice-1.zip: 63%
2023-12-25T21:55:29.844Z [Modules] Streaming discord_voice@1 to /home/alex/.config/discord/0.0.39/modules/pending/discord_voice-1.zip: 64%
2023-12-25T21:55:30.088Z [Modules] Streaming discord_voice@1 to /home/alex/.config/discord/0.0.39/modules/pending/discord_voice-1.zip: 65%
2023-12-25T21:55:30.356Z [Modules] Streaming discord_voice@1 to /home/alex/.config/discord/0.0.39/modules/pending/discord_voice-1.zip: 66%
2023-12-25T21:55:30.628Z [Modules] Streaming discord_voice@1 to /home/alex/.config/discord/0.0.39/modules/pending/discord_voice-1.zip: 67%
2023-12-25T21:55:30.925Z [Modules] Streaming discord_voice@1 to /home/alex/.config/discord/0.0.39/modules/pending/discord_voice-1.zip: 68%
2023-12-25T21:55:31.185Z [Modules] Streaming discord_voice@1 to /home/alex/.config/discord/0.0.39/modules/pending/discord_voice-1.zip: 69%
2023-12-25T21:55:31.460Z [Modules] Streaming discord_voice@1 to /home/alex/.config/discord/0.0.39/modules/pending/discord_voice-1.zip: 70%
2023-12-25T21:55:31.734Z [Modules] Streaming discord_voice@1 to /home/alex/.config/discord/0.0.39/modules/pending/discord_voice-1.zip: 71%
2023-12-25T21:55:31.966Z [Modules] Streaming discord_voice@1 to /home/alex/.config/discord/0.0.39/modules/pending/discord_voice-1.zip: 72%
2023-12-25T21:55:32.193Z [Modules] Streaming discord_voice@1 to /home/alex/.config/discord/0.0.39/modules/pending/discord_voice-1.zip: 73%
2023-12-25T21:55:32.443Z [Modules] Streaming discord_voice@1 to /home/alex/.config/discord/0.0.39/modules/pending/discord_voice-1.zip: 74%
2023-12-25T21:55:32.603Z [Modules] Streaming discord_voice@1 to /home/alex/.config/discord/0.0.39/modules/pending/discord_voice-1.zip: 75%
2023-12-25T21:55:32.754Z [Modules] Streaming discord_voice@1 to /home/alex/.config/discord/0.0.39/modules/pending/discord_voice-1.zip: 76%
2023-12-25T21:55:32.974Z [Modules] Streaming discord_voice@1 to /home/alex/.config/discord/0.0.39/modules/pending/discord_voice-1.zip: 77%
2023-12-25T21:55:33.110Z [Modules] Streaming discord_voice@1 to /home/alex/.config/discord/0.0.39/modules/pending/discord_voice-1.zip: 78%
2023-12-25T21:55:33.271Z [Modules] Streaming discord_voice@1 to /home/alex/.config/discord/0.0.39/modules/pending/discord_voice-1.zip: 79%
2023-12-25T21:55:33.592Z [Modules] Streaming discord_voice@1 to /home/alex/.config/discord/0.0.39/modules/pending/discord_voice-1.zip: 80%
2023-12-25T21:55:33.760Z [Modules] Streaming discord_voice@1 to /home/alex/.config/discord/0.0.39/modules/pending/discord_voice-1.zip: 81%
2023-12-25T21:55:33.934Z [Modules] Streaming discord_voice@1 to /home/alex/.config/discord/0.0.39/modules/pending/discord_voice-1.zip: 82%
2023-12-25T21:55:34.130Z [Modules] Streaming discord_voice@1 to /home/alex/.config/discord/0.0.39/modules/pending/discord_voice-1.zip: 83%
2023-12-25T21:55:34.315Z [Modules] Streaming discord_voice@1 to /home/alex/.config/discord/0.0.39/modules/pending/discord_voice-1.zip: 84%
2023-12-25T21:55:34.489Z [Modules] Streaming discord_voice@1 to /home/alex/.config/discord/0.0.39/modules/pending/discord_voice-1.zip: 85%
2023-12-25T21:55:34.669Z [Modules] Streaming discord_voice@1 to /home/alex/.config/discord/0.0.39/modules/pending/discord_voice-1.zip: 86%
2023-12-25T21:55:34.880Z [Modules] Streaming discord_voice@1 to /home/alex/.config/discord/0.0.39/modules/pending/discord_voice-1.zip: 87%
2023-12-25T21:55:35.072Z [Modules] Streaming discord_voice@1 to /home/alex/.config/discord/0.0.39/modules/pending/discord_voice-1.zip: 88%
2023-12-25T21:55:35.285Z [Modules] Streaming discord_voice@1 to /home/alex/.config/discord/0.0.39/modules/pending/discord_voice-1.zip: 89%
2023-12-25T21:55:35.472Z [Modules] Streaming discord_voice@1 to /home/alex/.config/discord/0.0.39/modules/pending/discord_voice-1.zip: 90%
2023-12-25T21:55:35.636Z [Modules] Streaming discord_voice@1 to /home/alex/.config/discord/0.0.39/modules/pending/discord_voice-1.zip: 91%
2023-12-25T21:55:35.815Z [Modules] Streaming discord_voice@1 to /home/alex/.config/discord/0.0.39/modules/pending/discord_voice-1.zip: 92%
2023-12-25T21:55:36.010Z [Modules] Streaming discord_voice@1 to /home/alex/.config/discord/0.0.39/modules/pending/discord_voice-1.zip: 93%
2023-12-25T21:55:36.166Z [Modules] Streaming discord_voice@1 to /home/alex/.config/discord/0.0.39/modules/pending/discord_voice-1.zip: 94%
2023-12-25T21:55:36.332Z [Modules] Streaming discord_voice@1 to /home/alex/.config/discord/0.0.39/modules/pending/discord_voice-1.zip: 95%
2023-12-25T21:55:36.525Z [Modules] Streaming discord_voice@1 to /home/alex/.config/discord/0.0.39/modules/pending/discord_voice-1.zip: 96%
2023-12-25T21:55:36.691Z [Modules] Streaming discord_voice@1 to /home/alex/.config/discord/0.0.39/modules/pending/discord_voice-1.zip: 97%
2023-12-25T21:55:36.871Z [Modules] Streaming discord_voice@1 to /home/alex/.config/discord/0.0.39/modules/pending/discord_voice-1.zip: 98%
2023-12-25T21:55:37.053Z [Modules] Streaming discord_voice@1 to /home/alex/.config/discord/0.0.39/modules/pending/discord_voice-1.zip: 99%
2023-12-25T21:55:37.474Z [Modules] Streaming discord_voice@1 to /home/alex/.config/discord/0.0.39/modules/pending/discord_voice-1.zip: 100%
2023-12-25T21:55:37.475Z [Modules] Finished module downloads. [success: 5] [failure: 0]
2023-12-25T21:55:37.475Z [Modules] Installing updates...
2023-12-25T21:55:37.475Z [Modules] Installing discord_desktop_core@1 from /home/alex/.config/discord/0.0.39/modules/pending/discord_desktop_core-1.zip
2023-12-25T21:55:37.512Z [Modules] Installing discord_erlpack@1 from /home/alex/.config/discord/0.0.39/modules/pending/discord_erlpack-1.zip
2023-12-25T21:55:37.542Z [Modules] Installing discord_spellcheck@1 from /home/alex/.config/discord/0.0.39/modules/pending/discord_spellcheck-1.zip
2023-12-25T21:55:37.860Z [Modules] Installing discord_utils@1 from /home/alex/.config/discord/0.0.39/modules/pending/discord_utils-1.zip
2023-12-25T21:55:37.922Z [Modules] Installing discord_voice@1 from /home/alex/.config/discord/0.0.39/modules/pending/discord_voice-1.zip
2023-12-25T21:55:38.298Z [Modules] Finished module installations. [success: 5] [failure: 0]
2023-12-25T21:55:38.299Z [Modules] Checking for host updates.
2023-12-25T21:55:38.578Z [Modules] Host is up to date.
2023-12-25T21:55:38.578Z [Modules] Checking for module updates at https://discord.com/api/modules/stable/versions.json
2023-12-25T21:55:38.579Z [Modules] No module updates available.
2023-12-25T21:56:06.060Z [Modules] Starting to install discord_krisp...
2023-12-25T21:56:06.060Z [Modules] Fetching discord_krisp@1 from https://discord.com/api/modules/stable/discord_krisp/1
2023-12-25T21:56:06.060Z [Modules] Streaming discord_krisp@1 to /home/alex/.config/discord/0.0.39/modules/pending/discord_krisp-1.zip
2023-12-25T21:56:06.064Z [Modules] Starting to install discord_game_utils...
2023-12-25T21:56:06.468Z [Modules] Streaming discord_krisp@1 to /home/alex/.config/discord/0.0.39/modules/pending/discord_krisp-1.zip: 1%
2023-12-25T21:56:06.586Z [Modules] Streaming discord_krisp@1 to /home/alex/.config/discord/0.0.39/modules/pending/discord_krisp-1.zip: 2%
2023-12-25T21:56:06.762Z [Modules] Streaming discord_krisp@1 to /home/alex/.config/discord/0.0.39/modules/pending/discord_krisp-1.zip: 3%
2023-12-25T21:56:06.900Z [Modules] Streaming discord_krisp@1 to /home/alex/.config/discord/0.0.39/modules/pending/discord_krisp-1.zip: 4%
2023-12-25T21:56:07.040Z [Modules] Streaming discord_krisp@1 to /home/alex/.config/discord/0.0.39/modules/pending/discord_krisp-1.zip: 5%
2023-12-25T21:56:07.161Z [Modules] Streaming discord_krisp@1 to /home/alex/.config/discord/0.0.39/modules/pending/discord_krisp-1.zip: 6%
2023-12-25T21:56:07.303Z [Modules] Streaming discord_krisp@1 to /home/alex/.config/discord/0.0.39/modules/pending/discord_krisp-1.zip: 7%
2023-12-25T21:56:07.444Z [Modules] Streaming discord_krisp@1 to /home/alex/.config/discord/0.0.39/modules/pending/discord_krisp-1.zip: 8%
2023-12-25T21:56:07.567Z [Modules] Streaming discord_krisp@1 to /home/alex/.config/discord/0.0.39/modules/pending/discord_krisp-1.zip: 9%
2023-12-25T21:56:07.710Z [Modules] Streaming discord_krisp@1 to /home/alex/.config/discord/0.0.39/modules/pending/discord_krisp-1.zip: 10%
2023-12-25T21:56:07.829Z [Modules] Streaming discord_krisp@1 to /home/alex/.config/discord/0.0.39/modules/pending/discord_krisp-1.zip: 11%
